2025-12-02 20:43:10.000000000 +0000 ./stinchcombe_map.html
2025-12-04 16:39:00.000000000 +0000 ./solar_system_v8_offline.html
2025-12-04 19:45:38.000000000 +0000 ./qds_universe_v9_10_neon_planet_colours.html
2025-12-04 20:02:48.000000000 +0000 ./indus_atlas_v1_qds_language_lab.html
2025-12-04 21:43:54.003004792 +0000 ./omega_qds_lab.html
2025-12-04 21:47:42.583004705 +0000 ./qds_universe_v9_2_neon_clear_planets.html
2025-12-04 21:47:42.607004705 +0000 ./qds_universe_v9_6_turbo_pan.html
2025-12-04 21:47:42.631004705 +0000 ./qds_universe_v12b_mobile.html
2025-12-05 09:14:37.313617277 +0000 ./catapult_balloon_pop_v1.html
2025-12-05 15:54:55.523880170 +0000 ./qds_battery_noise_toy_v1.html
2025-12-05 16:08:21.798884808 +0000 ./qds_battery_whisperer_v2.html
2025-12-05 16:17:06.000000000 +0000 ./QDS_Battery_Lab/index.html
2025-12-05 17:16:27.022883249 +0000 ./qds_battery_lab.html
2025-12-05 17:40:32.349141439 +0000 ./qds_battery_lab_showcase_v1.html
2025-12-05 17:53:18.557141146 +0000 ./qds_battery_lab_showcase_stress_bias_v1.html
2025-12-05 18:02:29.981140936 +0000 ./qds_battery_lab_showcase_stress_bias_v2.html
2025-12-05 18:38:39.053140109 +0000 ./qds_battery_coach_v3.html
2025-12-05 18:48:07.869139892 +0000 ./qds_battery_suite_v4_showcase.html
2025-12-05 18:53:08.269139777 +0000 ./qds_battery_suite_v5_boss_polish.html
2025-12-05 19:02:12.217139570 +0000 ./qds_battery_suite_v6_realworld.html
2025-12-05 19:41:22.927221225 +0000 ./qds_battery_suite_v8_nextlevel.html
2025-12-05 19:46:14.383221114 +0000 ./qds_battery_suite_v8_1_fairpath.html
2025-12-05 19:54:31.667220924 +0000 ./qds_battery_suite_v8_2_poster_tamed.html
2025-12-05 20:08:27.155220605 +0000 ./qds_battery_suite_v8_3_neon_shell.html
2025-12-05 20:34:17.031220014 +0000 ./qds_battery_hub_v9_1_purple_neon.html
2025-12-05 20:42:58.179219815 +0000 ./qds_battery_hub_v9_2_purple_neon.html
2025-12-05 20:49:23.147219668 +0000 ./qds_battery_hub_v9_3_science_neon.html
2025-12-05 20:58:01.187219471 +0000 ./qds_battery_hub_v9_4_science_neon_plus.html
2025-12-05 21:08:00.159219242 +0000 ./qds_battery_hub_v9_5_science_neon.html
2025-12-05 21:13:38.011219113 +0000 ./qds_battery_hub_v9_5_1_science_neon.html
2025-12-05 21:37:11.275218574 +0000 ./qds_battery_hub_v9_6_science_neon.html
2025-12-05 22:11:42.871217784 +0000 ./qds_battery_index_v1_neon_os.html
2025-12-05 22:24:50.683217483 +0000 ./qds_battery_os_index_v1.html
2025-12-05 22:25:01.363217479 +0000 ./qds_battery_hub_v9_7_science_neon_lab.html
2025-12-05 22:36:31.471217216 +0000 ./omega_os_index_v1.html
2025-12-05 23:26:13.827216078 +0000 ./cannon_wall_breaker_v1.html
2025-12-05 23:36:29.739215844 +0000 ./cannon_wall_breaker_v1_1.html
2025-12-05 23:40:58.843215741 +0000 ./cannon_side_2d_v1.html
2025-12-06 08:18:11.216100305 +0000 ./qds_test_task_pack_v1.html
2025-12-06 08:29:44.208100040 +0000 ./qds_test_task_pack_v1_1_pro.html
2025-12-06 09:14:27.520099017 +0000 ./QDS-5-WEDGE-PORTFOLIO/index.html
2025-12-06 09:46:37.028098281 +0000 ./qds_5_pillars_hub.html
2025-12-06 09:51:27.892098170 +0000 ./qds_chips_noise_v1.html
2025-12-06 09:51:27.916098170 +0000 ./qds_compression_lab_v1.html
2025-12-06 09:51:27.932098170 +0000 ./qds_sensors_metrology_v1.html
2025-12-06 09:54:16.908098105 +0000 ./qds_5_pillars_hub_v1.html
2025-12-06 10:34:08.620097193 +0000 ./pyramid_pinball_v1.html
2025-12-06 10:49:47.432096835 +0000 ./omega_os_index_v2.html
2025-12-06 11:04:56.364096488 +0000 ./qds_showcase_index_v1.html
2025-12-06 11:26:02.560096005 +0000 ./qds_shed_index_v1.html
2025-12-06 11:26:34.044095993 +0000 ./qds_showcase_index_v1_1.html
2025-12-06 11:38:34.172095718 +0000 ./ddmelts_microsite_v1.html
2025-12-06 11:48:47.132095484 +0000 ./ddmelts_microsite_v1_1.html
2025-12-06 12:13:54.596094909 +0000 ./ddmelts_microsite_v1_2_pink_hearts.html
2025-12-06 12:29:57.600094542 +0000 ./solar_system_v9_2_mobile_3d_showcase.html
2025-12-06 12:30:08.584094538 +0000 ./qds_solar_v6_textures.html
2025-12-06 12:39:23.272094326 +0000 ./ddmelts_microsite_v1_2_live_links.html
2025-12-06 13:19:40.752905429 +0000 ./portfolio_v1.html
2025-12-06 13:45:10.006292601 +0000 ./portfolio.html
2025-12-06 13:47:18.214292552 +0000 ./portfolio_offer_v2.html
2025-12-06 13:48:21.962292528 +0000 ./portfolio_offer_v2_20251206_134821.html
2025-12-06 14:37:03.309760055 +0000 ./offer_index_v1.html
2025-12-06 14:37:03.321760055 +0000 ./offer_microsite_v1.html
2025-12-06 14:37:03.329760055 +0000 ./offer_showcase_hub_v1.html
2025-12-06 14:37:03.341760055 +0000 ./offer_demo_suite_v1.html
2025-12-06 14:46:43.193759834 +0000 ./portfolio_market_allinone_v1.html
2025-12-06 14:50:11.637759755 +0000 ./portfolio_ultimate_allinone_v1.html
2025-12-06 14:55:12.617759640 +0000 ./start_here_90s_v1.html
2025-12-06 14:57:23.865759590 +0000 ./proof_of_ship_v1.html
2025-12-06 18:48:50.868560375 +0000 ./all_pages_min_backup_20251207_121603.html
2025-12-06 19:31:38.204559395 +0000 ./legacy_hub_v1.html
2025-12-06 19:34:05.824559339 +0000 ./all_pages_index_backup_20251207_121603.html
2025-12-06 20:04:16.624558648 +0000 ./growthhub_official_top5.html
2025-12-06 20:05:59.044558609 +0000 ./index_backup_20251207_121603.html
2025-12-06 20:27:18.176558121 +0000 ./qds_revenue_predictor_v1.html
2025-12-06 20:40:12.020557826 +0000 ./qds_revenue_onepager.html
2025-12-07 00:14:39.187734041 +0000 ./qds_battery_habitat_demo.html
2025-12-07 01:03:30.271732923 +0000 ./qds_battery_habitat_v1_1_build_001.html
2025-12-07 01:12:39.627732713 +0000 ./qds_battery_habitat_v1_2_build002.html
2025-12-07 12:12:05.547162677 +0000 ./qds_battery_design_v1.html
2025-12-07 12:16:03.787162586 +0000 ./index_backup_20251207_121910.html
2025-12-07 12:16:03.871162586 +0000 ./all_pages_index_backup_20251207_121910.html
2025-12-07 12:16:03.959162586 +0000 ./all_pages_min_backup_20251207_121910.html
2025-12-07 13:02:35.275695268 +0000 ./all_pages.html
2025-12-07 13:02:35.275695268 +0000 ./all_pages_compact.html
2025-12-07 16:12:51.415249897 +0000 ./qds_business_projection_posh_v1.html
2025-12-07 16:26:35.291249582 +0000 ./growthhub_linked_20251207_162635.html
2025-12-07 16:29:17.887249520 +0000 ./growthhub_linked_20251207_162917.html
2025-12-07 16:31:05.211249479 +0000 ./growthhub_linked_20251207_163105.html
2025-12-07 16:31:19.703249474 +0000 ./growthhub_linked_20251207_163119.html
2025-12-07 16:36:19.887249359 +0000 ./growthhub_linked_20251207_163619.html
2025-12-07 16:36:35.695249353 +0000 ./growthhub_linked_20251207_163635.html
2025-12-07 16:50:42.969839495 +0000 ./qds_offer_bundle_v1_20251207_165042.html
2025-12-07 16:50:52.017839492 +0000 ./qds_offer_bundle_v1_20251207_165051.html
2025-12-07 16:53:18.457839436 +0000 ./growthhub_with_offer_20251207_165318.html
2025-12-07 16:53:18.541839436 +0000 ./growthhub_official_top5_with_offer_20251207_165318.html
2025-12-07 16:53:18.613839436 +0000 ./index_with_offer_20251207_165318.html
2025-12-07 16:53:25.597839433 +0000 ./growthhub_with_offer_20251207_165325.html
2025-12-07 16:53:25.661839433 +0000 ./growthhub_official_top5_with_offer_20251207_165325.html
2025-12-07 16:53:25.773839433 +0000 ./index_with_offer_20251207_165325.html
2025-12-07 16:54:11.465839416 +0000 ./growthhub_with_offer_20251207_165411.html
2025-12-07 16:54:11.545839416 +0000 ./growthhub_official_top5_with_offer_20251207_165411.html
2025-12-07 16:54:11.633839416 +0000 ./index_with_offer_20251207_165411.html
2025-12-07 16:54:25.021839411 +0000 ./growthhub_with_offer_20251207_165424.html
2025-12-07 16:54:25.105839410 +0000 ./growthhub_official_top5_with_offer_20251207_165424.html
2025-12-07 16:54:25.181839410 +0000 ./index_with_offer_20251207_165424.html
2025-12-07 16:54:31.825839408 +0000 ./growthhub_with_offer_20251207_165431.html
2025-12-07 16:54:31.901839408 +0000 ./growthhub_official_top5_with_offer_20251207_165431.html
2025-12-07 16:54:31.973839408 +0000 ./index_with_offer_20251207_165431.html
2025-12-07 16:55:45.169839380 +0000 ./growthhub_with_offer_20251207_165545.html
2025-12-07 16:55:45.237839380 +0000 ./growthhub_official_top5_with_offer_20251207_165545.html
2025-12-07 16:55:45.293839380 +0000 ./index_with_offer_20251207_165545.html
2025-12-07 16:55:46.377839379 +0000 ./growthhub_linked_20251207_165546.html
2025-12-07 16:55:59.421839374 +0000 ./growthhub_with_offer_20251207_165559.html
2025-12-07 16:55:59.453839374 +0000 ./growthhub_official_top5_with_offer_20251207_165559.html
2025-12-07 16:55:59.509839374 +0000 ./index_with_offer_20251207_165559.html
2025-12-07 16:56:00.741839374 +0000 ./all_pages_min.html
2025-12-07 16:56:01.025839374 +0000 ./growthhub_linked_20251207_165600.html
2025-12-07 16:57:20.829839343 +0000 ./growthhub_with_offer_20251207_165720.html
2025-12-07 16:57:20.917839343 +0000 ./growthhub_official_top5_with_offer_20251207_165720.html
2025-12-07 16:57:20.981839343 +0000 ./index_with_offer_20251207_165720.html
2025-12-07 16:57:21.165839343 +0000 ./growthhub_linked_20251207_165721.html
2025-12-07 17:01:08.489839257 +0000 ./growthhub_demo_front_20251207_170108.html
2025-12-07 17:01:08.601839257 +0000 ./growthhub_official_top5_demo_front_20251207_170108.html
2025-12-07 17:01:08.745839257 +0000 ./index_demo_front_20251207_170108.html
2025-12-07 17:17:07.141838891 +0000 ./growthhub_multi_area_stack_v1.html
2025-12-07 17:22:20.353838771 +0000 ./growthhub_demo_front_20251207_172220.html
2025-12-07 17:22:20.481838771 +0000 ./growthhub_official_top5_demo_front_20251207_172220.html
2025-12-07 17:22:20.621838771 +0000 ./index_demo_front_20251207_172220.html
2025-12-07 17:35:47.981838463 +0000 ./frontdoor_backup_20251207_173547.html
2025-12-07 17:36:04.505838457 +0000 ./frontdoor_backup_20251207_173604.html
2025-12-07 17:52:45.334439894 +0000 ./frontdoor_backup_20251207_175245.html
2025-12-07 17:52:56.166439890 +0000 ./frontdoor_backup_20251207_175255.html
2025-12-07 17:52:56.730439890 +0000 ./frontdoor.html
2025-12-07 18:00:16.682439722 +0000 ./frontdoor_show_backup_20251207_180016.html
2025-12-07 18:01:01.706439705 +0000 ./frontdoor_show_backup_20251207_180101.html
2025-12-07 18:10:48.342439481 +0000 ./frontdoor_show_backup_20251207_181048.html
2025-12-07 18:11:54.018439456 +0000 ./frontdoor_show_backup_20251207_181154.html
2025-12-07 18:25:01.954439155 +0000 ./frontdoor_show_backup_20251207_182501.html
2025-12-07 19:08:46.301948800 +0000 ./frontdoor_show_backup_20251207_190846.html
2025-12-07 21:39:58.457240215 +0000 ./index.html
2025-12-07 22:06:36.257239606 +0000 ./f/index_backup_1765145196.html
2025-12-07 22:14:51.761239417 +0000 ./frontdoor_show_backup_20251207_221451.html
2025-12-07 22:22:31.517239241 +0000 ./growthhub.html_backup_20251207_222231.html
2025-12-07 22:22:31.533239241 +0000 ./f_backup/index_backup_20251207_222231.html
2025-12-07 22:22:31.585239241 +0000 ./growthhub.html
2025-12-07 22:22:31.681239241 +0000 ./f/index.html
2025-12-07 22:27:25.293239129 +0000 ./frontdoor_show_backup_20251207_222725.html
2025-12-07 23:02:54.097238317 +0000 ./frontdoor_show_backup_20251207_230254.html
2025-12-08 00:23:51.983625261 +0000 ./frontdoor_show_backup_20251208_002351.html
2025-12-08 00:24:55.615625236 +0000 ./frontdoor_show_backup_20251208_002455.html
2025-12-08 07:27:32.154655664 +0000 ./frontdoor_show_backup_20251208_072732.html
2025-12-08 09:10:50.984294844 +0000 ./frontdoor_show_backup_20251208_091050.html
2025-12-08 09:26:14.472294492 +0000 ./frontdoor_show_backup_20251208_092614.html
2025-12-08 09:49:20.040293963 +0000 ./frontdoor_show_backup_20251208_094920.html
2025-12-08 16:08:10.113911653 +0000 ./frontdoor_show_backup_20251208_160810.html
2025-12-08 18:00:04.608933399 +0000 ./frontdoor_show_backup_20251208_180004.html
2025-12-08 18:01:27.952933368 +0000 ./frontdoor_show_backup_20251208_180127.html
2025-12-08 18:44:06.330330708 +0000 ./frontdoor_show_backup_20251208_184406.html
2025-12-08 19:16:13.420563078 +0000 ./frontdoor_show_backup_20251208_191613.html
2025-12-08 19:37:51.932562582 +0000 ./frontdoor_show_backup_20251208_193751.html
2025-12-08 19:40:35.596562520 +0000 ./qds_revenue_floor_BASE.html
2025-12-08 19:40:35.620562520 +0000 ./qds_revenue_floor_STRETCH.html
2025-12-08 19:41:13.780562505 +0000 ./frontdoor_show_backup_20251208_194113.html
2025-12-08 19:43:23.418151829 +0000 ./frontdoor_show_backup_20251208_194323.html
2025-12-08 19:44:14.098151809 +0000 ./qds_revenue_floor_v2.html
2025-12-08 19:44:22.078151806 +0000 ./frontdoor_show_backup_20251208_194422.html
2025-12-08 20:03:57.302151358 +0000 ./growthhub_jargon_v1.html
2025-12-08 20:45:52.244730548 +0000 ./growthhub_stroud_demo.html
2025-12-08 21:02:17.608730172 +0000 ./all_pages_index.html
2025-12-08 21:11:28.788729962 +0000 ./frontdoor_show_backup_20251208_211128.html
2025-12-08 21:13:25.916729917 +0000 ./frontdoor_show_backup_20251208_211325.html
2025-12-08 21:19:42.772729774 +0000 ./frontdoor_show.html
2025-12-08 21:46:10.809037854 +0000 ./frontdoor_show_backup_stroud_ready.html
2025-12-09 00:00:09.415332750 +0000 ./last5days_index.html
2025-12-09 10:58:13.918610743 +0000 ./qds_variance_lab.html
2025-12-09 11:18:27.566610280 +0000 ./qds_rotation_lab.html
2025-12-09 11:23:48.010610158 +0000 ./qds_micro_lab.html
2025-12-09 11:47:20.802609619 +0000 ./qds_test_platform.html
2025-12-09 14:30:55.229320403 +0000 ./q.html
2025-12-09 14:38:11.198560075 +0000 ./dev_hub.html
